# JRE version: Java(TM) SE Runtime Environment (8.0_251-b08) (build 1.8.0_251-b08)
# Java VM: Java HotSpot(TM) 64-Bit Server VM (25.251-b08 mixed mode windows-amd64 compressed oops)
Heap:
 PSYoungGen      total 158208K, used 5539K [0x000000076af00000, 0x0000000778200000, 0x00000007c0000000)
  eden space 145408K, 3% used [0x000000076af00000,0x000000076b468ed0,0x0000000773d00000)
  from space 12800K, 0% used [0x0000000773d00000,0x0000000773d00000,0x0000000774980000)
  to   space 10752K, 0% used [0x0000000774980000,0x0000000774980000,0x0000000775400000)
 ParOldGen       total 102912K, used 18687K [0x00000006c0c00000, 0x00000006c7080000, 0x000000076af00000)
  object space 102912K, 18% used [0x00000006c0c00000,0x00000006c1e3ff68,0x00000006c7080000)
 Metaspace       used 38297K, capacity 40077K, committed 40192K, reserved 1087488K
  class space    used 5216K, capacity 5573K, committed 5632K, reserved 1048576K
GC Heap History (10 events):
Event: 12.929 GC heap before
{Heap before GC invocations=6 (full 1):
 PSYoungGen      total 105472K, used 105377K [0x000000076af00000, 0x0000000773e80000, 0x00000007c0000000)
  eden space 100352K, 100% used [0x000000076af00000,0x0000000771100000,0x0000000771100000)
  from space 5120K, 98% used [0x0000000773980000,0x0000000773e68518,0x0000000773e80000)
  to   space 10752K, 0% used [0x0000000772980000,0x0000000772980000,0x0000000773400000)
 ParOldGen       total 102912K, used 8186K [0x00000006c0c00000, 0x00000006c7080000, 0x000000076af00000)
  object space 102912K, 7% used [0x00000006c0c00000,0x00000006c13fe8e0,0x00000006c7080000)
 Metaspace       used 28054K, capacity 29236K, committed 29440K, reserved 1075200K
  class space    used 3824K, capacity 4094K, committed 4096K, reserved 1048576K
Event: 12.941 GC heap after
Heap after GC invocations=6 (full 1):
 PSYoungGen      total 136192K, used 8541K [0x000000076af00000, 0x0000000775400000, 0x00000007c0000000)
  eden space 125440K, 0% used [0x000000076af00000,0x000000076af00000,0x0000000772980000)
  from space 10752K, 79% used [0x0000000772980000,0x00000007731d7680,0x0000000773400000)
  to   space 10752K, 0% used [0x0000000774980000,0x0000000774980000,0x0000000775400000)
 ParOldGen       total 102912K, used 8194K [0x00000006c0c00000, 0x00000006c7080000, 0x000000076af00000)
  object space 102912K, 7% used [0x00000006c0c00000,0x00000006c14008e0,0x00000006c7080000)
 Metaspace       used 28054K, capacity 29236K, committed 29440K, reserved 1075200K
  class space    used 3824K, capacity 4094K, committed 4096K, reserved 1048576K
}
Event: 14.869 GC heap before
{Heap before GC invocations=7 (full 1):
 PSYoungGen      total 136192K, used 115620K [0x000000076af00000, 0x0000000775400000, 0x00000007c0000000)
  eden space 125440K, 85% used [0x000000076af00000,0x0000000771791bd0,0x0000000772980000)
  from space 10752K, 79% used [0x0000000772980000,0x00000007731d7680,0x0000000773400000)
  to   space 10752K, 0% used [0x0000000774980000,0x0000000774980000,0x0000000775400000)
 ParOldGen       total 102912K, used 8194K [0x00000006c0c00000, 0x00000006c7080000, 0x000000076af00000)
  object space 102912K, 7% used [0x00000006c0c00000,0x00000006c14008e0,0x00000006c7080000)
 Metaspace       used 33889K, capacity 35412K, committed 35456K, reserved 1079296K
  class space    used 4635K, capacity 4952K, committed 4992K, reserved 1048576K
Event: 14.911 GC heap after
Heap after GC invocations=7 (full 1):
 PSYoungGen      total 156160K, used 10733K [0x000000076af00000, 0x0000000778200000, 0x00000007c0000000)
  eden space 145408K, 0% used [0x000000076af00000,0x000000076af00000,0x0000000773d00000)
  from space 10752K, 99% used [0x0000000774980000,0x00000007753fb690,0x0000000775400000)
  to   space 12800K, 0% used [0x0000000773d00000,0x0000000773d00000,0x0000000774980000)
 ParOldGen       total 102912K, used 9381K [0x00000006c0c00000, 0x00000006c7080000, 0x000000076af00000)
  object space 102912K, 9% used [0x00000006c0c00000,0x00000006c15296b8,0x00000006c7080000)
 Metaspace       used 33889K, capacity 35412K, committed 35456K, reserved 1079296K
  class space    used 4635K, capacity 4952K, committed 4992K, reserved 1048576K
}
Event: 14.911 GC heap before
{Heap before GC invocations=8 (full 2):
 PSYoungGen      total 156160K, used 10733K [0x000000076af00000, 0x0000000778200000, 0x00000007c0000000)
  eden space 145408K, 0% used [0x000000076af00000,0x000000076af00000,0x0000000773d00000)
  from space 10752K, 99% used [0x0000000774980000,0x00000007753fb690,0x0000000775400000)
  to   space 12800K, 0% used [0x0000000773d00000,0x0000000773d00000,0x0000000774980000)
 ParOldGen       total 102912K, used 9381K [0x00000006c0c00000, 0x00000006c7080000, 0x000000076af00000)
  object space 102912K, 9% used [0x00000006c0c00000,0x00000006c15296b8,0x00000006c7080000)
 Metaspace       used 33889K, capacity 35412K, committed 35456K, reserved 1079296K
  class space    used 4635K, capacity 4952K, committed 4992K, reserved 1048576K
Event: 15.048 GC heap after
Heap after GC invocations=8 (full 2):
 PSYoungGen      total 156160K, used 0K [0x000000076af00000, 0x0000000778200000, 0x00000007c0000000)
  eden space 145408K, 0% used [0x000000076af00000,0x000000076af00000,0x0000000773d00000)
  from space 10752K, 0% used [0x0000000774980000,0x0000000774980000,0x0000000775400000)
  to   space 12800K, 0% used [0x0000000773d00000,0x0000000773d00000,0x0000000774980000)
 ParOldGen       total 102912K, used 17132K [0x00000006c0c00000, 0x00000006c7080000, 0x000000076af00000)
  object space 102912K, 16% used [0x00000006c0c00000,0x00000006c1cbb2d0,0x00000006c7080000)
 Metaspace       used 33889K, capacity 35412K, committed 35456K, reserved 1079296K
  class space    used 4635K, capacity 4952K, committed 4992K, reserved 1048576K
}
Event: 20.415 GC heap before
{Heap before GC invocations=9 (full 2):
 PSYoungGen      total 156160K, used 95765K [0x000000076af00000, 0x0000000778200000, 0x00000007c0000000)
  eden space 145408K, 65% used [0x000000076af00000,0x0000000770c85640,0x0000000773d00000)
  from space 10752K, 0% used [0x0000000774980000,0x0000000774980000,0x0000000775400000)
  to   space 12800K, 0% used [0x0000000773d00000,0x0000000773d00000,0x0000000774980000)
 ParOldGen       total 102912K, used 17132K [0x00000006c0c00000, 0x00000006c7080000, 0x000000076af00000)
  object space 102912K, 16% used [0x00000006c0c00000,0x00000006c1cbb2d0,0x00000006c7080000)
 Metaspace       used 38042K, capacity 39873K, committed 39936K, reserved 1089536K
  class space    used 5184K, capacity 5569K, committed 5632K, reserved 1048576K
Event: 20.428 GC heap after
Heap after GC invocations=9 (full 2):
 PSYoungGen      total 158208K, used 6944K [0x000000076af00000, 0x0000000778200000, 0x00000007c0000000)
  eden space 145408K, 0% used [0x000000076af00000,0x000000076af00000,0x0000000773d00000)
  from space 12800K, 54% used [0x0000000773d00000,0x00000007743c80b0,0x0000000774980000)
  to   space 10752K, 0% used [0x0000000774980000,0x0000000774980000,0x0000000775400000)
 ParOldGen       total 102912K, used 17140K [0x00000006c0c00000, 0x00000006c7080000, 0x000000076af00000)
  object space 102912K, 16% used [0x00000006c0c00000,0x00000006c1cbd2d0,0x00000006c7080000)
 Metaspace       used 38042K, capacity 39873K, committed 39936K, reserved 1089536K
  class space    used 5184K, capacity 5569K, committed 5632K, reserved 1048576K
}
Event: 20.428 GC heap before
{Heap before GC invocations=10 (full 3):
 PSYoungGen      total 158208K, used 6944K [0x000000076af00000, 0x0000000778200000, 0x00000007c0000000)
  eden space 145408K, 0% used [0x000000076af00000,0x000000076af00000,0x0000000773d00000)
  from space 12800K, 54% used [0x0000000773d00000,0x00000007743c80b0,0x0000000774980000)
  to   space 10752K, 0% used [0x0000000774980000,0x0000000774980000,0x0000000775400000)
 ParOldGen       total 102912K, used 17140K [0x00000006c0c00000, 0x00000006c7080000, 0x000000076af00000)
  object space 102912K, 16% used [0x00000006c0c00000,0x00000006c1cbd2d0,0x00000006c7080000)
 Metaspace       used 38042K, capacity 39873K, committed 39936K, reserved 1089536K
  class space    used 5184K, capacity 5569K, committed 5632K, reserved 1048576K
Event: 20.706 GC heap after
Heap after GC invocations=10 (full 3):
 PSYoungGen      total 158208K, used 0K [0x000000076af00000, 0x0000000778200000, 0x00000007c0000000)
  eden space 145408K, 0% used [0x000000076af00000,0x000000076af00000,0x0000000773d00000)
  from space 12800K, 0% used [0x0000000773d00000,0x0000000773d00000,0x0000000774980000)
  to   space 10752K, 0% used [0x0000000774980000,0x0000000774980000,0x0000000775400000)
 ParOldGen       total 102912K, used 18687K [0x00000006c0c00000, 0x00000006c7080000, 0x000000076af00000)
  object space 102912K, 18% used [0x00000006c0c00000,0x00000006c1e3ff68,0x00000006c7080000)
 Metaspace       used 38042K, capacity 39873K, committed 39936K, reserved 1085440K
  class space    used 5184K, capacity 5569K, committed 5632K, reserved 1048576K
}

